[debug] [2025-01-31T05:18:32.258Z] ----------------------------------------------------------------------
[debug] [2025-01-31T05:18:32.273Z] Command:       /Users/ashir/.nvm/versions/node/v22.12.0/bin/node /Users/ashir/.nvm/versions/node/v22.12.0/bin/firebase deploy
[debug] [2025-01-31T05:18:32.274Z] CLI Version:   13.29.2
[debug] [2025-01-31T05:18:32.275Z] Platform:      darwin
[debug] [2025-01-31T05:18:32.275Z] Node Version:  v22.12.0
[debug] [2025-01-31T05:18:32.276Z] Time:          Fri Jan 31 2025 00:18:32 GMT-0500 (Eastern Standard Time)
[debug] [2025-01-31T05:18:32.276Z] ----------------------------------------------------------------------
[debug] 
[debug] [2025-01-31T05:18:32.996Z] > command requires scopes: ["email","openid","https://www.googleapis.com/auth/cloudplatformprojects.readonly","https://www.googleapis.com/auth/firebase","https://www.googleapis.com/auth/cloud-platform"]
[debug] [2025-01-31T05:18:32.997Z] > authorizing via signed-in user (ashir.rao26@gmail.com)
[debug] [2025-01-31T05:18:32.998Z] [iam] checking project big-red-refills for permissions ["cloudfunctions.functions.create","cloudfunctions.functions.delete","cloudfunctions.functions.get","cloudfunctions.functions.list","cloudfunctions.functions.update","cloudfunctions.operations.get","firebase.projects.get","firebasehosting.sites.update"]
[debug] [2025-01-31T05:18:33.001Z] Checked if tokens are valid: false, expires at: 1738301350003
[debug] [2025-01-31T05:18:33.001Z] Checked if tokens are valid: false, expires at: 1738301350003
[debug] [2025-01-31T05:18:33.002Z] > refreshing access token with scopes: []
[debug] [2025-01-31T05:18:33.006Z] >>> [apiv2][query] POST https://www.googleapis.com/oauth2/v3/token [none]
[debug] [2025-01-31T05:18:33.007Z] >>> [apiv2][body] POST https://www.googleapis.com/oauth2/v3/token [omitted]
[debug] [2025-01-31T05:18:33.324Z] <<< [apiv2][status] POST https://www.googleapis.com/oauth2/v3/token 200
[debug] [2025-01-31T05:18:33.324Z] <<< [apiv2][body] POST https://www.googleapis.com/oauth2/v3/token [omitted]
[debug] [2025-01-31T05:18:33.339Z] >>> [apiv2][query] POST https://cloudresourcemanager.googleapis.com/v1/projects/big-red-refills:testIamPermissions [none]
[debug] [2025-01-31T05:18:33.339Z] >>> [apiv2][(partial)header] POST https://cloudresourcemanager.googleapis.com/v1/projects/big-red-refills:testIamPermissions x-goog-quota-user=projects/big-red-refills
[debug] [2025-01-31T05:18:33.339Z] >>> [apiv2][body] POST https://cloudresourcemanager.googleapis.com/v1/projects/big-red-refills:testIamPermissions {"permissions":["cloudfunctions.functions.create","cloudfunctions.functions.delete","cloudfunctions.functions.get","cloudfunctions.functions.list","cloudfunctions.functions.update","cloudfunctions.operations.get","firebase.projects.get","firebasehosting.sites.update"]}
[debug] [2025-01-31T05:18:33.570Z] <<< [apiv2][status] POST https://cloudresourcemanager.googleapis.com/v1/projects/big-red-refills:testIamPermissions 200
[debug] [2025-01-31T05:18:33.571Z] <<< [apiv2][body] POST https://cloudresourcemanager.googleapis.com/v1/projects/big-red-refills:testIamPermissions {"permissions":["cloudfunctions.functions.create","cloudfunctions.functions.delete","cloudfunctions.functions.get","cloudfunctions.functions.list","cloudfunctions.functions.update","cloudfunctions.operations.get","firebase.projects.get","firebasehosting.sites.update"]}
[debug] [2025-01-31T05:18:33.571Z] Checked if tokens are valid: true, expires at: 1738304312324
[debug] [2025-01-31T05:18:33.571Z] Checked if tokens are valid: true, expires at: 1738304312324
[debug] [2025-01-31T05:18:33.571Z] >>> [apiv2][query] POST https://iam.googleapis.com/v1/projects/big-red-refills/serviceAccounts/big-red-refills@appspot.gserviceaccount.com:testIamPermissions [none]
[debug] [2025-01-31T05:18:33.571Z] >>> [apiv2][body] POST https://iam.googleapis.com/v1/projects/big-red-refills/serviceAccounts/big-red-refills@appspot.gserviceaccount.com:testIamPermissions {"permissions":["iam.serviceAccounts.actAs"]}
[debug] [2025-01-31T05:18:33.803Z] <<< [apiv2][status] POST https://iam.googleapis.com/v1/projects/big-red-refills/serviceAccounts/big-red-refills@appspot.gserviceaccount.com:testIamPermissions 200
[debug] [2025-01-31T05:18:33.804Z] <<< [apiv2][body] POST https://iam.googleapis.com/v1/projects/big-red-refills/serviceAccounts/big-red-refills@appspot.gserviceaccount.com:testIamPermissions {"permissions":["iam.serviceAccounts.actAs"]}
[debug] [2025-01-31T05:18:33.804Z] Checked if tokens are valid: true, expires at: 1738304312324
[debug] [2025-01-31T05:18:33.804Z] Checked if tokens are valid: true, expires at: 1738304312324
[debug] [2025-01-31T05:18:33.805Z] >>> [apiv2][query] GET https://firebase.googleapis.com/v1beta1/projects/big-red-refills [none]
[debug] [2025-01-31T05:18:34.141Z] <<< [apiv2][status] GET https://firebase.googleapis.com/v1beta1/projects/big-red-refills 200
[debug] [2025-01-31T05:18:34.141Z] <<< [apiv2][body] GET https://firebase.googleapis.com/v1beta1/projects/big-red-refills {"projectId":"big-red-refills","projectNumber":"343472501818","displayName":"Big Red Refills","name":"projects/big-red-refills","resources":{"hostingSite":"big-red-refills","realtimeDatabaseInstance":"big-red-refills-default-rtdb"},"state":"ACTIVE","etag":"1_30d2c182-09ca-4511-b40b-1971c289d34c"}
[info] 
[info] === Deploying to 'big-red-refills'...
[info] 
[info] i  deploying functions, hosting 
[debug] [2025-01-31T05:18:34.145Z] Checked if tokens are valid: true, expires at: 1738304312324
[debug] [2025-01-31T05:18:34.146Z] Checked if tokens are valid: true, expires at: 1738304312324
[debug] [2025-01-31T05:18:34.146Z] >>> [apiv2][query] GET https://cloudresourcemanager.googleapis.com/v1/projects/big-red-refills [none]
[debug] [2025-01-31T05:18:34.266Z] <<< [apiv2][status] GET https://cloudresourcemanager.googleapis.com/v1/projects/big-red-refills 200
[debug] [2025-01-31T05:18:34.266Z] <<< [apiv2][body] GET https://cloudresourcemanager.googleapis.com/v1/projects/big-red-refills {"projectNumber":"343472501818","projectId":"big-red-refills","lifecycleState":"ACTIVE","name":"Big Red Refills","labels":{"firebase":"enabled"},"createTime":"2024-11-04T03:45:24.729760Z"}
[info] i  functions: preparing codebase default for deployment 
[info] i  functions: ensuring required API cloudfunctions.googleapis.com is enabled... 
[debug] [2025-01-31T05:18:34.267Z] Checked if tokens are valid: true, expires at: 1738304312324
[debug] [2025-01-31T05:18:34.267Z] Checked if tokens are valid: true, expires at: 1738304312324
[debug] [2025-01-31T05:18:34.267Z] Checked if tokens are valid: true, expires at: 1738304312324
[debug] [2025-01-31T05:18:34.267Z] Checked if tokens are valid: true, expires at: 1738304312324
[info] i  functions: ensuring required API cloudbuild.googleapis.com is enabled... 
[debug] [2025-01-31T05:18:34.268Z] Checked if tokens are valid: true, expires at: 1738304312324
[debug] [2025-01-31T05:18:34.268Z] Checked if tokens are valid: true, expires at: 1738304312324
[info] i  artifactregistry: ensuring required API artifactregistry.googleapis.com is enabled... 
[debug] [2025-01-31T05:18:34.268Z] Checked if tokens are valid: true, expires at: 1738304312324
[debug] [2025-01-31T05:18:34.268Z] Checked if tokens are valid: true, expires at: 1738304312324
[debug] [2025-01-31T05:18:34.268Z] >>> [apiv2][query] GET https://serviceusage.googleapis.com/v1/projects/big-red-refills/services/cloudfunctions.googleapis.com [none]
[debug] [2025-01-31T05:18:34.268Z] >>> [apiv2][(partial)header] GET https://serviceusage.googleapis.com/v1/projects/big-red-refills/services/cloudfunctions.googleapis.com x-goog-quota-user=projects/big-red-refills
[debug] [2025-01-31T05:18:34.270Z] >>> [apiv2][query] GET https://serviceusage.googleapis.com/v1/projects/big-red-refills/services/runtimeconfig.googleapis.com [none]
[debug] [2025-01-31T05:18:34.270Z] >>> [apiv2][(partial)header] GET https://serviceusage.googleapis.com/v1/projects/big-red-refills/services/runtimeconfig.googleapis.com x-goog-quota-user=projects/big-red-refills
[debug] [2025-01-31T05:18:34.272Z] >>> [apiv2][query] GET https://serviceusage.googleapis.com/v1/projects/big-red-refills/services/cloudbuild.googleapis.com [none]
[debug] [2025-01-31T05:18:34.273Z] >>> [apiv2][(partial)header] GET https://serviceusage.googleapis.com/v1/projects/big-red-refills/services/cloudbuild.googleapis.com x-goog-quota-user=projects/big-red-refills
[debug] [2025-01-31T05:18:34.274Z] >>> [apiv2][query] GET https://serviceusage.googleapis.com/v1/projects/big-red-refills/services/artifactregistry.googleapis.com [none]
[debug] [2025-01-31T05:18:34.274Z] >>> [apiv2][(partial)header] GET https://serviceusage.googleapis.com/v1/projects/big-red-refills/services/artifactregistry.googleapis.com x-goog-quota-user=projects/big-red-refills
[debug] [2025-01-31T05:18:34.658Z] <<< [apiv2][status] GET https://serviceusage.googleapis.com/v1/projects/big-red-refills/services/runtimeconfig.googleapis.com 200
[debug] [2025-01-31T05:18:34.658Z] <<< [apiv2][body] GET https://serviceusage.googleapis.com/v1/projects/big-red-refills/services/runtimeconfig.googleapis.com [omitted]
[debug] [2025-01-31T05:18:34.661Z] <<< [apiv2][status] GET https://serviceusage.googleapis.com/v1/projects/big-red-refills/services/cloudbuild.googleapis.com 200
[debug] [2025-01-31T05:18:34.661Z] <<< [apiv2][body] GET https://serviceusage.googleapis.com/v1/projects/big-red-refills/services/cloudbuild.googleapis.com [omitted]
[info] ✔  functions: required API cloudbuild.googleapis.com is enabled 
[debug] [2025-01-31T05:18:34.664Z] <<< [apiv2][status] GET https://serviceusage.googleapis.com/v1/projects/big-red-refills/services/artifactregistry.googleapis.com 200
[debug] [2025-01-31T05:18:34.664Z] <<< [apiv2][body] GET https://serviceusage.googleapis.com/v1/projects/big-red-refills/services/artifactregistry.googleapis.com [omitted]
[info] ✔  artifactregistry: required API artifactregistry.googleapis.com is enabled 
[debug] [2025-01-31T05:18:34.669Z] <<< [apiv2][status] GET https://serviceusage.googleapis.com/v1/projects/big-red-refills/services/cloudfunctions.googleapis.com 200
[debug] [2025-01-31T05:18:34.669Z] <<< [apiv2][body] GET https://serviceusage.googleapis.com/v1/projects/big-red-refills/services/cloudfunctions.googleapis.com [omitted]
[info] ✔  functions: required API cloudfunctions.googleapis.com is enabled 
[debug] [2025-01-31T05:18:34.669Z] Checked if tokens are valid: true, expires at: 1738304312324
[debug] [2025-01-31T05:18:34.670Z] Checked if tokens are valid: true, expires at: 1738304312324
[debug] [2025-01-31T05:18:34.670Z] >>> [apiv2][query] GET https://firebase.googleapis.com/v1beta1/projects/big-red-refills/adminSdkConfig [none]
[debug] [2025-01-31T05:18:34.906Z] <<< [apiv2][status] GET https://firebase.googleapis.com/v1beta1/projects/big-red-refills/adminSdkConfig 200
[debug] [2025-01-31T05:18:34.906Z] <<< [apiv2][body] GET https://firebase.googleapis.com/v1beta1/projects/big-red-refills/adminSdkConfig {"projectId":"big-red-refills","databaseURL":"https://big-red-refills-default-rtdb.firebaseio.com","storageBucket":"big-red-refills.firebasestorage.app"}
[debug] [2025-01-31T05:18:34.907Z] Checked if tokens are valid: true, expires at: 1738304312324
[debug] [2025-01-31T05:18:34.907Z] Checked if tokens are valid: true, expires at: 1738304312324
[debug] [2025-01-31T05:18:34.907Z] >>> [apiv2][query] GET https://runtimeconfig.googleapis.com/v1beta1/projects/big-red-refills/configs [none]
[debug] [2025-01-31T05:18:35.107Z] <<< [apiv2][status] GET https://runtimeconfig.googleapis.com/v1beta1/projects/big-red-refills/configs 200
[debug] [2025-01-31T05:18:35.107Z] <<< [apiv2][body] GET https://runtimeconfig.googleapis.com/v1beta1/projects/big-red-refills/configs {"configs":[{"name":"projects/big-red-refills/configs/twilio"}]}
[debug] [2025-01-31T05:18:35.108Z] Checked if tokens are valid: true, expires at: 1738304312324
[debug] [2025-01-31T05:18:35.108Z] Checked if tokens are valid: true, expires at: 1738304312324
[debug] [2025-01-31T05:18:35.108Z] >>> [apiv2][query] GET https://runtimeconfig.googleapis.com/v1beta1/projects/big-red-refills/configs/twilio/variables [none]
[debug] [2025-01-31T05:18:35.228Z] <<< [apiv2][status] GET https://runtimeconfig.googleapis.com/v1beta1/projects/big-red-refills/configs/twilio/variables 200
[debug] [2025-01-31T05:18:35.228Z] <<< [apiv2][body] GET https://runtimeconfig.googleapis.com/v1beta1/projects/big-red-refills/configs/twilio/variables {"variables":[{"name":"projects/big-red-refills/configs/twilio/variables/account_sid","updateTime":"2025-01-25T06:44:21.088294290Z"},{"name":"projects/big-red-refills/configs/twilio/variables/auth_token","updateTime":"2025-01-25T06:44:21.086275681Z"},{"name":"projects/big-red-refills/configs/twilio/variables/messaging_service_sid","updateTime":"2025-01-25T06:44:21.094250218Z"}]}
[debug] [2025-01-31T05:18:35.228Z] Checked if tokens are valid: true, expires at: 1738304312324
[debug] [2025-01-31T05:18:35.228Z] Checked if tokens are valid: true, expires at: 1738304312324
[debug] [2025-01-31T05:18:35.228Z] Checked if tokens are valid: true, expires at: 1738304312324
[debug] [2025-01-31T05:18:35.228Z] Checked if tokens are valid: true, expires at: 1738304312324
[debug] [2025-01-31T05:18:35.228Z] Checked if tokens are valid: true, expires at: 1738304312324
[debug] [2025-01-31T05:18:35.228Z] Checked if tokens are valid: true, expires at: 1738304312324
[debug] [2025-01-31T05:18:35.228Z] >>> [apiv2][query] GET https://runtimeconfig.googleapis.com/v1beta1/projects/big-red-refills/configs/twilio/variables/account_sid [none]
[debug] [2025-01-31T05:18:35.229Z] >>> [apiv2][query] GET https://runtimeconfig.googleapis.com/v1beta1/projects/big-red-refills/configs/twilio/variables/auth_token [none]
[debug] [2025-01-31T05:18:35.231Z] >>> [apiv2][query] GET https://runtimeconfig.googleapis.com/v1beta1/projects/big-red-refills/configs/twilio/variables/messaging_service_sid [none]
[debug] [2025-01-31T05:18:35.337Z] <<< [apiv2][status] GET https://runtimeconfig.googleapis.com/v1beta1/projects/big-red-refills/configs/twilio/variables/account_sid 200
[debug] [2025-01-31T05:18:35.337Z] <<< [apiv2][body] GET https://runtimeconfig.googleapis.com/v1beta1/projects/big-red-refills/configs/twilio/variables/account_sid {"name":"projects/big-red-refills/configs/twilio/variables/account_sid","updateTime":"2025-01-25T06:44:21.088294290Z","text":"AC3572d0c1f7e6e8dfa0c93668d83fa266"}
[debug] [2025-01-31T05:18:35.365Z] <<< [apiv2][status] GET https://runtimeconfig.googleapis.com/v1beta1/projects/big-red-refills/configs/twilio/variables/auth_token 200
[debug] [2025-01-31T05:18:35.365Z] <<< [apiv2][body] GET https://runtimeconfig.googleapis.com/v1beta1/projects/big-red-refills/configs/twilio/variables/auth_token {"name":"projects/big-red-refills/configs/twilio/variables/auth_token","updateTime":"2025-01-25T06:44:21.086275681Z","text":"c9feb0a77c72e18714a1ba2642672370"}
[debug] [2025-01-31T05:18:35.390Z] <<< [apiv2][status] GET https://runtimeconfig.googleapis.com/v1beta1/projects/big-red-refills/configs/twilio/variables/messaging_service_sid 200
[debug] [2025-01-31T05:18:35.390Z] <<< [apiv2][body] GET https://runtimeconfig.googleapis.com/v1beta1/projects/big-red-refills/configs/twilio/variables/messaging_service_sid {"name":"projects/big-red-refills/configs/twilio/variables/messaging_service_sid","updateTime":"2025-01-25T06:44:21.094250218Z","text":"MG26f04952f7ed77c1be5f23f1e2a699f6"}
[debug] [2025-01-31T05:18:35.393Z] Validating nodejs source
[debug] [2025-01-31T05:18:36.297Z] > [functions] package.json contents: {
  "name": "functions",
  "description": "Cloud Functions for Firebase",
  "scripts": {
    "lint": "eslint .",
    "serve": "firebase emulators:start --only functions",
    "shell": "firebase functions:shell",
    "start": "npm run shell",
    "deploy": "firebase deploy --only functions",
    "logs": "firebase functions:log"
  },
  "engines": {
    "node": "22"
  },
  "main": "index.js",
  "dependencies": {
    "dotenv": "^16.4.7",
    "firebase-admin": "^12.6.0",
    "firebase-functions": "^6.0.1",
    "twilio": "^5.4.2"
  },
  "devDependencies": {
    "eslint": "^8.15.0",
    "eslint-config-google": "^0.14.0",
    "firebase-functions-test": "^3.1.0"
  },
  "private": true
}
[debug] [2025-01-31T05:18:36.297Z] Building nodejs source
[info] i  functions: Loading and analyzing source code for codebase default to determine what to deploy 
[debug] [2025-01-31T05:18:36.299Z] Could not find functions.yaml. Must use http discovery
[debug] [2025-01-31T05:18:36.312Z] Found firebase-functions binary at '/Users/ashir/Documents/GitHub/therefillsapp/node_modules/.bin/firebase-functions'
[info] Serving at port 8928

[error] (node:95453) [DEP0040] DeprecationWarning: The `punycode` module is deprecated. Please use a userland alternative instead.
(Use `node --trace-deprecation ...` to show where the warning was created)

[debug] [2025-01-31T05:18:37.720Z] Got response from /__/functions.yaml {"endpoints":{"sendNotification":{"availableMemoryMb":null,"timeoutSeconds":null,"minInstances":null,"maxInstances":null,"ingressSettings":null,"concurrency":null,"serviceAccountEmail":null,"vpc":null,"platform":"gcfv2","labels":{},"callableTrigger":{},"entryPoint":"sendNotification"}},"specVersion":"v1alpha1","requiredAPIs":[],"extensions":{}}
[info] i  extensions: ensuring required API firebaseextensions.googleapis.com is enabled... 
[debug] [2025-01-31T05:18:41.765Z] Checked if tokens are valid: true, expires at: 1738304312324
[debug] [2025-01-31T05:18:41.765Z] Checked if tokens are valid: true, expires at: 1738304312324
[debug] [2025-01-31T05:18:41.765Z] >>> [apiv2][query] GET https://serviceusage.googleapis.com/v1/projects/big-red-refills/services/firebaseextensions.googleapis.com [none]
[debug] [2025-01-31T05:18:41.765Z] >>> [apiv2][(partial)header] GET https://serviceusage.googleapis.com/v1/projects/big-red-refills/services/firebaseextensions.googleapis.com x-goog-quota-user=projects/big-red-refills
[debug] [2025-01-31T05:18:42.125Z] <<< [apiv2][status] GET https://serviceusage.googleapis.com/v1/projects/big-red-refills/services/firebaseextensions.googleapis.com 200
[debug] [2025-01-31T05:18:42.126Z] <<< [apiv2][body] GET https://serviceusage.googleapis.com/v1/projects/big-red-refills/services/firebaseextensions.googleapis.com [omitted]
[info] ✔  extensions: required API firebaseextensions.googleapis.com is enabled 
[debug] [2025-01-31T05:18:42.126Z] > command requires scopes: ["email","openid","https://www.googleapis.com/auth/cloudplatformprojects.readonly","https://www.googleapis.com/auth/firebase","https://www.googleapis.com/auth/cloud-platform"]
[debug] [2025-01-31T05:18:42.126Z] > authorizing via signed-in user (ashir.rao26@gmail.com)
[debug] [2025-01-31T05:18:42.126Z] [iam] checking project big-red-refills for permissions ["firebase.projects.get","firebaseextensions.instances.list"]
[debug] [2025-01-31T05:18:42.126Z] Checked if tokens are valid: true, expires at: 1738304312324
[debug] [2025-01-31T05:18:42.126Z] Checked if tokens are valid: true, expires at: 1738304312324
[debug] [2025-01-31T05:18:42.126Z] >>> [apiv2][query] POST https://cloudresourcemanager.googleapis.com/v1/projects/big-red-refills:testIamPermissions [none]
[debug] [2025-01-31T05:18:42.127Z] >>> [apiv2][(partial)header] POST https://cloudresourcemanager.googleapis.com/v1/projects/big-red-refills:testIamPermissions x-goog-quota-user=projects/big-red-refills
[debug] [2025-01-31T05:18:42.127Z] >>> [apiv2][body] POST https://cloudresourcemanager.googleapis.com/v1/projects/big-red-refills:testIamPermissions {"permissions":["firebase.projects.get","firebaseextensions.instances.list"]}
[debug] [2025-01-31T05:18:42.324Z] <<< [apiv2][status] POST https://cloudresourcemanager.googleapis.com/v1/projects/big-red-refills:testIamPermissions 200
[debug] [2025-01-31T05:18:42.324Z] <<< [apiv2][body] POST https://cloudresourcemanager.googleapis.com/v1/projects/big-red-refills:testIamPermissions {"permissions":["firebase.projects.get","firebaseextensions.instances.list"]}
[debug] [2025-01-31T05:18:42.325Z] Checked if tokens are valid: true, expires at: 1738304312324
[debug] [2025-01-31T05:18:42.325Z] Checked if tokens are valid: true, expires at: 1738304312324
[debug] [2025-01-31T05:18:42.326Z] >>> [apiv2][query] GET https://firebaseextensions.googleapis.com/v1beta/projects/big-red-refills/instances pageSize=100&pageToken=
[debug] [2025-01-31T05:18:42.650Z] <<< [apiv2][status] GET https://firebaseextensions.googleapis.com/v1beta/projects/big-red-refills/instances 200
[debug] [2025-01-31T05:18:42.650Z] <<< [apiv2][body] GET https://firebaseextensions.googleapis.com/v1beta/projects/big-red-refills/instances {}
[info] i  functions: preparing functions directory for uploading... 
[info] i  functions: packaged /Users/ashir/Documents/GitHub/therefillsapp/functions (72.15 KB) for uploading 
[debug] [2025-01-31T05:18:42.688Z] Checked if tokens are valid: true, expires at: 1738304312324
[debug] [2025-01-31T05:18:42.688Z] Checked if tokens are valid: true, expires at: 1738304312324
[debug] [2025-01-31T05:18:42.688Z] >>> [apiv2][query] GET https://cloudfunctions.googleapis.com/v1/projects/big-red-refills/locations/-/functions [none]
[debug] [2025-01-31T05:18:43.240Z] <<< [apiv2][status] GET https://cloudfunctions.googleapis.com/v1/projects/big-red-refills/locations/-/functions 200
[debug] [2025-01-31T05:18:43.240Z] <<< [apiv2][body] GET https://cloudfunctions.googleapis.com/v1/projects/big-red-refills/locations/-/functions {}
[debug] [2025-01-31T05:18:43.241Z] Checked if tokens are valid: true, expires at: 1738304312324
[debug] [2025-01-31T05:18:43.241Z] Checked if tokens are valid: true, expires at: 1738304312324
[debug] [2025-01-31T05:18:43.241Z] >>> [apiv2][query] GET https://cloudfunctions.googleapis.com/v2/projects/big-red-refills/locations/-/functions filter=environment%3D%22GEN_2%22
[debug] [2025-01-31T05:18:43.702Z] <<< [apiv2][status] GET https://cloudfunctions.googleapis.com/v2/projects/big-red-refills/locations/-/functions 200
[debug] [2025-01-31T05:18:43.703Z] <<< [apiv2][body] GET https://cloudfunctions.googleapis.com/v2/projects/big-red-refills/locations/-/functions {"functions":[{"name":"projects/big-red-refills/locations/us-central1/functions/api","buildConfig":{"build":"projects/343472501818/locations/us-central1/builds/1537b299-8911-46b3-96be-c9ff94065a90","runtime":"nodejs22","entryPoint":"api","source":{"storageSource":{"bucket":"gcf-v2-sources-343472501818-us-central1","object":"api/function-source.zip","generation":"1738277487754865"}},"environmentVariables":{"GOOGLE_NODE_RUN_SCRIPTS":""},"dockerRepository":"projects/big-red-refills/locations/us-central1/repositories/gcf-artifacts","sourceProvenance":{"resolvedStorageSource":{"bucket":"gcf-v2-sources-343472501818-us-central1","object":"api/function-source.zip","generation":"1738277487754865"}},"dockerRegistry":"ARTIFACT_REGISTRY","serviceAccount":"projects/big-red-refills/serviceAccounts/343472501818-compute@developer.gserviceaccount.com","automaticUpdatePolicy":{}},"serviceConfig":{"service":"projects/big-red-refills/locations/us-central1/services/api","timeoutSeconds":60,"environmentVariables":{"TWILIO_ACCOUNT_SID":"AC3572d0c1f7e6e8dfa0c93668d83fa266","TWILIO_AUTH_TOKEN":"c9feb0a77c72e18714a1ba2642672370","TWILIO_MESSAGING_SERVICE_SID":"MG26f04952f7ed77c1be5f23f1e2a699f6","FIREBASE_CONFIG":"{\"projectId\":\"big-red-refills\",\"databaseURL\":\"https://big-red-refills-default-rtdb.firebaseio.com\",\"storageBucket\":\"big-red-refills.firebasestorage.app\"}","GCLOUD_PROJECT":"big-red-refills","EVENTARC_CLOUD_EVENT_SOURCE":"projects/big-red-refills/locations/us-central1/services/api","FUNCTION_TARGET":"api","LOG_EXECUTION_ID":"true"},"maxInstanceCount":100,"ingressSettings":"ALLOW_ALL","uri":"https://api-4cml4hx6zq-uc.a.run.app","serviceAccountEmail":"343472501818-compute@developer.gserviceaccount.com","availableMemory":"256Mi","allTrafficOnLatestRevision":true,"revision":"api-00003-lew","maxInstanceRequestConcurrency":80,"availableCpu":"1"},"state":"ACTIVE","updateTime":"2025-01-30T22:52:17.683190247Z","labels":{"deployment-tool":"cli-firebase","firebase-functions-hash":"d396018b1339f7a4b036a0168fcba5ba5585d5bf"},"environment":"GEN_2","url":"https://us-central1-big-red-refills.cloudfunctions.net/api","createTime":"2025-01-25T07:45:05.076404066Z"}]}
[info] i  functions: ensuring required API run.googleapis.com is enabled... 
[debug] [2025-01-31T05:18:43.706Z] Checked if tokens are valid: true, expires at: 1738304312324
[debug] [2025-01-31T05:18:43.706Z] Checked if tokens are valid: true, expires at: 1738304312324
[info] i  functions: ensuring required API eventarc.googleapis.com is enabled... 
[debug] [2025-01-31T05:18:43.706Z] Checked if tokens are valid: true, expires at: 1738304312324
[debug] [2025-01-31T05:18:43.706Z] Checked if tokens are valid: true, expires at: 1738304312324
[info] i  functions: ensuring required API pubsub.googleapis.com is enabled... 
[debug] [2025-01-31T05:18:43.706Z] Checked if tokens are valid: true, expires at: 1738304312324
[debug] [2025-01-31T05:18:43.706Z] Checked if tokens are valid: true, expires at: 1738304312324
[info] i  functions: ensuring required API storage.googleapis.com is enabled... 
[debug] [2025-01-31T05:18:43.706Z] Checked if tokens are valid: true, expires at: 1738304312324
[debug] [2025-01-31T05:18:43.706Z] Checked if tokens are valid: true, expires at: 1738304312324
[debug] [2025-01-31T05:18:43.706Z] >>> [apiv2][query] GET https://serviceusage.googleapis.com/v1/projects/big-red-refills/services/run.googleapis.com [none]
[debug] [2025-01-31T05:18:43.707Z] >>> [apiv2][(partial)header] GET https://serviceusage.googleapis.com/v1/projects/big-red-refills/services/run.googleapis.com x-goog-quota-user=projects/big-red-refills
[debug] [2025-01-31T05:18:43.707Z] >>> [apiv2][query] GET https://serviceusage.googleapis.com/v1/projects/big-red-refills/services/eventarc.googleapis.com [none]
[debug] [2025-01-31T05:18:43.707Z] >>> [apiv2][(partial)header] GET https://serviceusage.googleapis.com/v1/projects/big-red-refills/services/eventarc.googleapis.com x-goog-quota-user=projects/big-red-refills
[debug] [2025-01-31T05:18:43.709Z] >>> [apiv2][query] GET https://serviceusage.googleapis.com/v1/projects/big-red-refills/services/pubsub.googleapis.com [none]
[debug] [2025-01-31T05:18:43.709Z] >>> [apiv2][(partial)header] GET https://serviceusage.googleapis.com/v1/projects/big-red-refills/services/pubsub.googleapis.com x-goog-quota-user=projects/big-red-refills
[debug] [2025-01-31T05:18:43.710Z] >>> [apiv2][query] GET https://serviceusage.googleapis.com/v1/projects/big-red-refills/services/storage.googleapis.com [none]
[debug] [2025-01-31T05:18:43.710Z] >>> [apiv2][(partial)header] GET https://serviceusage.googleapis.com/v1/projects/big-red-refills/services/storage.googleapis.com x-goog-quota-user=projects/big-red-refills
[debug] [2025-01-31T05:18:44.018Z] <<< [apiv2][status] GET https://serviceusage.googleapis.com/v1/projects/big-red-refills/services/run.googleapis.com 200
[debug] [2025-01-31T05:18:44.018Z] <<< [apiv2][body] GET https://serviceusage.googleapis.com/v1/projects/big-red-refills/services/run.googleapis.com [omitted]
[info] ✔  functions: required API run.googleapis.com is enabled 
[debug] [2025-01-31T05:18:44.087Z] <<< [apiv2][status] GET https://serviceusage.googleapis.com/v1/projects/big-red-refills/services/pubsub.googleapis.com 200
[debug] [2025-01-31T05:18:44.087Z] <<< [apiv2][body] GET https://serviceusage.googleapis.com/v1/projects/big-red-refills/services/pubsub.googleapis.com [omitted]
[info] ✔  functions: required API pubsub.googleapis.com is enabled 
[debug] [2025-01-31T05:18:44.097Z] <<< [apiv2][status] GET https://serviceusage.googleapis.com/v1/projects/big-red-refills/services/storage.googleapis.com 200
[debug] [2025-01-31T05:18:44.097Z] <<< [apiv2][body] GET https://serviceusage.googleapis.com/v1/projects/big-red-refills/services/storage.googleapis.com [omitted]
[info] ✔  functions: required API storage.googleapis.com is enabled 
[debug] [2025-01-31T05:18:44.180Z] <<< [apiv2][status] GET https://serviceusage.googleapis.com/v1/projects/big-red-refills/services/eventarc.googleapis.com 200
[debug] [2025-01-31T05:18:44.180Z] <<< [apiv2][body] GET https://serviceusage.googleapis.com/v1/projects/big-red-refills/services/eventarc.googleapis.com [omitted]
[info] ✔  functions: required API eventarc.googleapis.com is enabled 
[info] i  functions: generating the service identity for pubsub.googleapis.com... 
[debug] [2025-01-31T05:18:44.181Z] Checked if tokens are valid: true, expires at: 1738304312324
[debug] [2025-01-31T05:18:44.181Z] Checked if tokens are valid: true, expires at: 1738304312324
[info] i  functions: generating the service identity for eventarc.googleapis.com... 
[debug] [2025-01-31T05:18:44.181Z] Checked if tokens are valid: true, expires at: 1738304312324
[debug] [2025-01-31T05:18:44.181Z] Checked if tokens are valid: true, expires at: 1738304312324
[debug] [2025-01-31T05:18:44.181Z] >>> [apiv2][query] POST https://serviceusage.googleapis.com/v1beta1/projects/343472501818/services/pubsub.googleapis.com:generateServiceIdentity [none]
[debug] [2025-01-31T05:18:44.181Z] >>> [apiv2][query] POST https://serviceusage.googleapis.com/v1beta1/projects/343472501818/services/eventarc.googleapis.com:generateServiceIdentity [none]
[debug] [2025-01-31T05:18:44.437Z] <<< [apiv2][status] POST https://serviceusage.googleapis.com/v1beta1/projects/343472501818/services/pubsub.googleapis.com:generateServiceIdentity 200
[debug] [2025-01-31T05:18:44.437Z] <<< [apiv2][body] POST https://serviceusage.googleapis.com/v1beta1/projects/343472501818/services/pubsub.googleapis.com:generateServiceIdentity {"name":"operations/finished.DONE_OPERATION","done":true,"response":{"@type":"type.googleapis.com/google.api.serviceusage.v1beta1.ServiceIdentity","email":"service-343472501818@gcp-sa-pubsub.iam.gserviceaccount.com","uniqueId":"113461711289774897206"}}
[debug] [2025-01-31T05:18:44.459Z] <<< [apiv2][status] POST https://serviceusage.googleapis.com/v1beta1/projects/343472501818/services/eventarc.googleapis.com:generateServiceIdentity 200
[debug] [2025-01-31T05:18:44.459Z] <<< [apiv2][body] POST https://serviceusage.googleapis.com/v1beta1/projects/343472501818/services/eventarc.googleapis.com:generateServiceIdentity {"name":"operations/finished.DONE_OPERATION","done":true,"response":{"@type":"type.googleapis.com/google.api.serviceusage.v1beta1.ServiceIdentity","email":"service-343472501818@gcp-sa-eventarc.iam.gserviceaccount.com","uniqueId":"104013202415162083273"}}
[debug] [2025-01-31T05:18:44.461Z] Checked if tokens are valid: true, expires at: 1738304312324
[debug] [2025-01-31T05:18:44.461Z] Checked if tokens are valid: true, expires at: 1738304312324
[debug] [2025-01-31T05:18:44.461Z] >>> [apiv2][query] GET https://cloudresourcemanager.googleapis.com/v1/projects/big-red-refills [none]
[debug] [2025-01-31T05:18:44.562Z] <<< [apiv2][status] GET https://cloudresourcemanager.googleapis.com/v1/projects/big-red-refills 200
[debug] [2025-01-31T05:18:44.562Z] <<< [apiv2][body] GET https://cloudresourcemanager.googleapis.com/v1/projects/big-red-refills {"projectNumber":"343472501818","projectId":"big-red-refills","lifecycleState":"ACTIVE","name":"Big Red Refills","labels":{"firebase":"enabled"},"createTime":"2024-11-04T03:45:24.729760Z"}
[debug] [2025-01-31T05:18:44.564Z] Checked if tokens are valid: true, expires at: 1738304312324
[debug] [2025-01-31T05:18:44.564Z] Checked if tokens are valid: true, expires at: 1738304312324
[debug] [2025-01-31T05:18:44.564Z] >>> [apiv2][query] POST https://firebasehosting.googleapis.com/v1beta1/projects/-/sites/big-red-refills/versions [none]
[debug] [2025-01-31T05:18:44.564Z] >>> [apiv2][body] POST https://firebasehosting.googleapis.com/v1beta1/projects/-/sites/big-red-refills/versions {"status":"CREATED","labels":{"deployment-tool":"cli-firebase"}}
[debug] [2025-01-31T05:18:45.281Z] <<< [apiv2][status] POST https://firebasehosting.googleapis.com/v1beta1/projects/-/sites/big-red-refills/versions 200
[debug] [2025-01-31T05:18:45.282Z] <<< [apiv2][body] POST https://firebasehosting.googleapis.com/v1beta1/projects/-/sites/big-red-refills/versions {"name":"projects/343472501818/sites/big-red-refills/versions/de26388e063c8278","status":"CREATED","config":{},"labels":{"deployment-tool":"cli-firebase"}}
[debug] [2025-01-31T05:18:45.283Z] Checked if tokens are valid: true, expires at: 1738304312324
[debug] [2025-01-31T05:18:45.283Z] Checked if tokens are valid: true, expires at: 1738304312324
[debug] [2025-01-31T05:18:45.283Z] >>> [apiv2][query] GET https://cloudbilling.googleapis.com/v1/projects/big-red-refills/billingInfo [none]
[debug] [2025-01-31T05:18:45.590Z] <<< [apiv2][status] GET https://cloudbilling.googleapis.com/v1/projects/big-red-refills/billingInfo 200
[debug] [2025-01-31T05:18:45.591Z] <<< [apiv2][body] GET https://cloudbilling.googleapis.com/v1/projects/big-red-refills/billingInfo {"name":"projects/big-red-refills/billingInfo","projectId":"big-red-refills","billingAccountName":"billingAccounts/0192D5-3B4BC9-C8FBE0","billingEnabled":true}
[debug] [2025-01-31T05:18:45.593Z] Checked if tokens are valid: true, expires at: 1738304312324
[debug] [2025-01-31T05:18:45.593Z] Checked if tokens are valid: true, expires at: 1738304312324
[debug] [2025-01-31T05:18:45.593Z] >>> [apiv2][query] POST https://cloudfunctions.googleapis.com/v2/projects/big-red-refills/locations/us-central1/functions:generateUploadUrl [none]
[debug] [2025-01-31T05:18:45.892Z] <<< [apiv2][status] POST https://cloudfunctions.googleapis.com/v2/projects/big-red-refills/locations/us-central1/functions:generateUploadUrl 200
[debug] [2025-01-31T05:18:45.892Z] <<< [apiv2][body] POST https://cloudfunctions.googleapis.com/v2/projects/big-red-refills/locations/us-central1/functions:generateUploadUrl {"uploadUrl":"https://storage.googleapis.com/gcf-v2-uploads-343472501818.us-central1.cloudfunctions.appspot.com/6a5e49d1-e3fc-4949-996c-b440d615b23a.zip?GoogleAccessId=service-343472501818@gcf-admin-robot.iam.gserviceaccount.com&Expires=1738302525&Signature=m02EFbWTz8ofJ3Lq3glML%2FNTkJrM3jt0YaO%2Froi5NnwoSCqBNneMc%2BCAGadxmi37GrZH9uL6lYA47YZv9PVBzDCMM3ZqFkJqGlyB3lcdwft0mcf%2FSvSHDsFOIeKi%2B5C20vINwq9fMOJUnDtoy8TrKSAD8%2FysyQoJX9xCwGmAu4PhwIBVn2FGCL7chxm%2BJjRkBBwra0C8YPwMne6Eiw7io9HK%2BnjS43DZl01KRNEVyOG5ACLsh%2BD9habW%2F8BpXbxbYFYbZJ%2FVnbXoyp7G2E2lY0FfhAUIXTcTV3NC0vUf7WolejC7t4xTQCFXxtUvzwTzJE7q%2Fx7j13TSQ9BUgoHHlg%3D%3D","storageSource":{"bucket":"gcf-v2-uploads-343472501818.us-central1.cloudfunctions.appspot.com","object":"6a5e49d1-e3fc-4949-996c-b440d615b23a.zip"}}
[debug] [2025-01-31T05:18:45.893Z] >>> [apiv2][query] PUT https://storage.googleapis.com/gcf-v2-uploads-343472501818.us-central1.cloudfunctions.appspot.com/6a5e49d1-e3fc-4949-996c-b440d615b23a.zip GoogleAccessId=service-343472501818%40gcf-admin-robot.iam.gserviceaccount.com&Expires=1738302525&Signature=m02EFbWTz8ofJ3Lq3glML%2FNTkJrM3jt0YaO%2Froi5NnwoSCqBNneMc%2BCAGadxmi37GrZH9uL6lYA47YZv9PVBzDCMM3ZqFkJqGlyB3lcdwft0mcf%2FSvSHDsFOIeKi%2B5C20vINwq9fMOJUnDtoy8TrKSAD8%2FysyQoJX9xCwGmAu4PhwIBVn2FGCL7chxm%2BJjRkBBwra0C8YPwMne6Eiw7io9HK%2BnjS43DZl01KRNEVyOG5ACLsh%2BD9habW%2F8BpXbxbYFYbZJ%2FVnbXoyp7G2E2lY0FfhAUIXTcTV3NC0vUf7WolejC7t4xTQCFXxtUvzwTzJE7q%2Fx7j13TSQ9BUgoHHlg%3D%3D
[debug] [2025-01-31T05:18:45.893Z] >>> [apiv2][body] PUT https://storage.googleapis.com/gcf-v2-uploads-343472501818.us-central1.cloudfunctions.appspot.com/6a5e49d1-e3fc-4949-996c-b440d615b23a.zip [stream]
[debug] [2025-01-31T05:18:46.213Z] <<< [apiv2][status] PUT https://storage.googleapis.com/gcf-v2-uploads-343472501818.us-central1.cloudfunctions.appspot.com/6a5e49d1-e3fc-4949-996c-b440d615b23a.zip 200
[debug] [2025-01-31T05:18:46.214Z] <<< [apiv2][body] PUT https://storage.googleapis.com/gcf-v2-uploads-343472501818.us-central1.cloudfunctions.appspot.com/6a5e49d1-e3fc-4949-996c-b440d615b23a.zip [omitted]
[info] ✔  functions: functions folder uploaded successfully 
[info] i  hosting[big-red-refills]: beginning deploy... 
[info] i  hosting[big-red-refills]: found 15 files in build 
[debug] [2025-01-31T05:18:46.230Z] [hosting] uploading with 200 concurrency
[debug] [2025-01-31T05:18:46.522Z] Checked if tokens are valid: true, expires at: 1738304312324
[debug] [2025-01-31T05:18:46.523Z] Checked if tokens are valid: true, expires at: 1738304312324
[debug] [2025-01-31T05:18:46.524Z] [hosting] hash cache [YnVpbGQ] stored for 15 files
[debug] [2025-01-31T05:18:46.524Z] [hosting][hash queue][FINAL] {"max":288,"min":3,"avg":24.733333333333334,"active":0,"complete":15,"success":15,"errored":0,"retried":0,"total":15,"elapsed":292}
[debug] [2025-01-31T05:18:46.524Z] >>> [apiv2][query] POST https://firebasehosting.googleapis.com/v1beta1/projects/343472501818/sites/big-red-refills/versions/de26388e063c8278:populateFiles [none]
[debug] [2025-01-31T05:18:46.525Z] >>> [apiv2][body] POST https://firebasehosting.googleapis.com/v1beta1/projects/343472501818/sites/big-red-refills/versions/de26388e063c8278:populateFiles {"files":{"/robots.txt":"391d14b3c2f8c9143a27a28c7399585142228d4d1bdbe2c87ac946de411fa9a2","/manifest.json":"4e1d3adad9ce7e17c0d13fac197f1c27091906f4ecf3909c9f51247bff345118","/asset-manifest.json":"c2017d2a4169c93088519ec51c65b2cfa8904ceff98b9fbe3850e0eb57402c17","/index.html":"10819518f01d1d777793338c6c39dddbcee9a9f6380d420394a6860021ba956b","/favicon.ico":"1463be9bedc82e16f9364eec7a1f5152cbe56229401381eed65c1496cb884407","/404.html":"b6abfbdc894d37c260154e281499dc6415bb6ad76b32f01ef94dee93aa897ac4","/logo192.png":"f66564670b5bfe49f3f04a5b63107bae60f4a7736f1d3b83aa0115f7acf45150","/logo512.png":"2356e0b814e58a349935c8de17226873d615d088a867d591fef48a64c80c9a2f","/static/js/main.11873ca6.js.LICENSE.txt":"2037de9969fd45fe87ed35b89fee87158c80f94cbd193b949b52871a124f2f07","/static/css/main.e6c13ad2.css.map":"cc301afafc706597c201efb487db6e60f84d27f49828b760f0c3f3a28f314c28","/static/css/main.e6c13ad2.css":"7dc117daa25a4309dbab4c1304a676f1531a2a3d680260e1107371912f928473","/static/js/453.42c303b1.chunk.js":"672b437e8031bf25db047c79c020989916f0df93aa715643d35f44be6d4ab6e4","/static/js/453.42c303b1.chunk.js.map":"b874c57ab4c053283f0312c9ea44e71bb89e018a8673bc647dc7e2923dfc8802","/static/js/main.11873ca6.js":"85cc5659ec9dc4d7632c76e08af9ffadadf2ffa41b8fb5515fda43b116622be2","/static/js/main.11873ca6.js.map":"47eb5e315bf77e44d266a6f09146c2cde8ff98e63b6e2cc0c0a99c3074d6591e"}}
[debug] [2025-01-31T05:18:46.662Z] <<< [apiv2][status] POST https://firebasehosting.googleapis.com/v1beta1/projects/343472501818/sites/big-red-refills/versions/de26388e063c8278:populateFiles 200
[debug] [2025-01-31T05:18:46.662Z] <<< [apiv2][body] POST https://firebasehosting.googleapis.com/v1beta1/projects/343472501818/sites/big-red-refills/versions/de26388e063c8278:populateFiles {"uploadUrl":"https://upload-firebasehosting.googleapis.com/upload/sites/big-red-refills/versions/de26388e063c8278/files"}
[debug] [2025-01-31T05:18:46.663Z] [hosting][populate queue][FINAL] {"max":141,"min":141,"avg":141,"active":0,"complete":1,"success":1,"errored":0,"retried":0,"total":1,"elapsed":141}
[debug] [2025-01-31T05:18:46.663Z] [hosting] uploads queued: 0
[debug] [2025-01-31T05:18:46.663Z] [hosting][upload queue][FINAL] {"max":0,"min":9999999999,"avg":0,"active":0,"complete":0,"success":0,"errored":0,"retried":0,"total":0,"elapsed":1738300726663}
[info] ✔  hosting[big-red-refills]: file upload complete 
[debug] [2025-01-31T05:18:46.663Z] [hosting] deploy completed after 446ms
[info] 
The following functions are found in your project but do not exist in your local source code:
	api(us-central1)

If you are renaming a function or changing its region, it is recommended that you create the new function first before deleting the old one to prevent event loss. For more info, visit https://firebase.google.com/docs/functions/manage-functions#modify

[info] i  functions: creating Node.js 22 (2nd Gen) function sendNotification(us-central1)... 
[debug] [2025-01-31T05:18:56.483Z] Checked if tokens are valid: true, expires at: 1738304312324
[debug] [2025-01-31T05:18:56.483Z] Checked if tokens are valid: true, expires at: 1738304312324
[info] i  functions: deleting Node.js 22 (2nd Gen) function api(us-central1)... 
[debug] [2025-01-31T05:18:56.484Z] Checked if tokens are valid: true, expires at: 1738304312324
[debug] [2025-01-31T05:18:56.484Z] Checked if tokens are valid: true, expires at: 1738304312324
[debug] [2025-01-31T05:18:56.484Z] >>> [apiv2][query] POST https://cloudfunctions.googleapis.com/v2/projects/big-red-refills/locations/us-central1/functions functionId=sendNotification
[debug] [2025-01-31T05:18:56.484Z] >>> [apiv2][body] POST https://cloudfunctions.googleapis.com/v2/projects/big-red-refills/locations/us-central1/functions {"name":"projects/big-red-refills/locations/us-central1/functions/sendNotification","buildConfig":{"runtime":"nodejs22","entryPoint":"sendNotification","source":{"storageSource":{"bucket":"gcf-v2-uploads-343472501818.us-central1.cloudfunctions.appspot.com","object":"6a5e49d1-e3fc-4949-996c-b440d615b23a.zip"}},"environmentVariables":{"GOOGLE_NODE_RUN_SCRIPTS":""}},"serviceConfig":{"environmentVariables":{"FIREBASE_CONFIG":"{\"projectId\":\"big-red-refills\",\"databaseURL\":\"https://big-red-refills-default-rtdb.firebaseio.com\",\"storageBucket\":\"big-red-refills.firebasestorage.app\"}","GCLOUD_PROJECT":"big-red-refills","EVENTARC_CLOUD_EVENT_SOURCE":"projects/big-red-refills/locations/us-central1/services/sendNotification","FUNCTION_TARGET":"sendNotification"},"ingressSettings":null,"timeoutSeconds":null,"serviceAccountEmail":null,"availableMemory":"256Mi","minInstanceCount":null,"maxInstanceCount":null,"maxInstanceRequestConcurrency":80,"availableCpu":"1","vpcConnector":null,"vpcConnectorEgressSettings":null},"labels":{"deployment-tool":"cli-firebase","deployment-callable":"true","firebase-functions-hash":"c1e4cef60850846ba751e51d28d08d35eba5ece0"}}
[debug] [2025-01-31T05:18:56.486Z] >>> [apiv2][query] DELETE https://cloudfunctions.googleapis.com/v2/projects/big-red-refills/locations/us-central1/functions/api [none]
[debug] [2025-01-31T05:18:56.775Z] <<< [apiv2][status] DELETE https://cloudfunctions.googleapis.com/v2/projects/big-red-refills/locations/us-central1/functions/api 200
[debug] [2025-01-31T05:18:56.775Z] <<< [apiv2][body] DELETE https://cloudfunctions.googleapis.com/v2/projects/big-red-refills/locations/us-central1/functions/api {"name":"projects/big-red-refills/locations/us-central1/operations/operation-1738300736704-62cf9adec8ece-5574e64a-5df40cfb","metadata":{"@type":"type.googleapis.com/google.cloud.functions.v2.OperationMetadata","createTime":"2025-01-31T05:18:56.728468666Z","target":"projects/big-red-refills/locations/us-central1/functions/api","verb":"delete","cancelRequested":false,"apiVersion":"v2"},"done":false}
[debug] [2025-01-31T05:18:56.776Z] Checked if tokens are valid: true, expires at: 1738304312324
[debug] [2025-01-31T05:18:56.776Z] Checked if tokens are valid: true, expires at: 1738304312324
[debug] [2025-01-31T05:18:56.776Z] >>> [apiv2][query] GET https://cloudfunctions.googleapis.com/v2/projects/big-red-refills/locations/us-central1/operations/operation-1738300736704-62cf9adec8ece-5574e64a-5df40cfb [none]
[debug] [2025-01-31T05:18:56.979Z] <<< [apiv2][status] GET https://cloudfunctions.googleapis.com/v2/projects/big-red-refills/locations/us-central1/operations/operation-1738300736704-62cf9adec8ece-5574e64a-5df40cfb 200
[debug] [2025-01-31T05:18:56.979Z] <<< [apiv2][body] GET https://cloudfunctions.googleapis.com/v2/projects/big-red-refills/locations/us-central1/operations/operation-1738300736704-62cf9adec8ece-5574e64a-5df40cfb {"name":"projects/big-red-refills/locations/us-central1/operations/operation-1738300736704-62cf9adec8ece-5574e64a-5df40cfb","metadata":{"@type":"type.googleapis.com/google.cloud.functions.v2.OperationMetadata","createTime":"2025-01-31T05:18:56.728468666Z","target":"projects/big-red-refills/locations/us-central1/functions/api","verb":"delete","cancelRequested":false,"apiVersion":"v2","requestResource":{"@type":"type.googleapis.com/google.cloud.functions.v2.Function","name":"projects/big-red-refills/locations/us-central1/functions/api","environment":"GEN_2"},"stages":[{"name":"ARTIFACT_REGISTRY","state":"NOT_STARTED"},{"name":"SERVICE","message":"Deleting Cloud Run service","state":"IN_PROGRESS","resource":"projects/big-red-refills/locations/us-central1/services/api"}],"operationType":"DELETE_FUNCTION"},"done":false}
[debug] [2025-01-31T05:18:57.355Z] <<< [apiv2][status] POST https://cloudfunctions.googleapis.com/v2/projects/big-red-refills/locations/us-central1/functions 200
[debug] [2025-01-31T05:18:57.355Z] <<< [apiv2][body] POST https://cloudfunctions.googleapis.com/v2/projects/big-red-refills/locations/us-central1/functions {"name":"projects/big-red-refills/locations/us-central1/operations/operation-1738300736719-62cf9adecc8e4-4e945de2-adc7d806","metadata":{"@type":"type.googleapis.com/google.cloud.functions.v2.OperationMetadata","createTime":"2025-01-31T05:18:57.307521839Z","target":"projects/big-red-refills/locations/us-central1/functions/sendNotification","verb":"create","cancelRequested":false,"apiVersion":"v2"},"done":false}
[debug] [2025-01-31T05:18:57.356Z] Checked if tokens are valid: true, expires at: 1738304312324
[debug] [2025-01-31T05:18:57.356Z] Checked if tokens are valid: true, expires at: 1738304312324
[debug] [2025-01-31T05:18:57.356Z] >>> [apiv2][query] GET https://cloudfunctions.googleapis.com/v2/projects/big-red-refills/locations/us-central1/operations/operation-1738300736719-62cf9adecc8e4-4e945de2-adc7d806 [none]
[debug] [2025-01-31T05:18:57.481Z] [delete-default-us-central1-api] Retrying task index 0
[debug] [2025-01-31T05:18:57.481Z] Checked if tokens are valid: true, expires at: 1738304312324
[debug] [2025-01-31T05:18:57.481Z] Checked if tokens are valid: true, expires at: 1738304312324
[debug] [2025-01-31T05:18:57.482Z] >>> [apiv2][query] GET https://cloudfunctions.googleapis.com/v2/projects/big-red-refills/locations/us-central1/operations/operation-1738300736704-62cf9adec8ece-5574e64a-5df40cfb [none]
[debug] [2025-01-31T05:18:57.556Z] <<< [apiv2][status] GET https://cloudfunctions.googleapis.com/v2/projects/big-red-refills/locations/us-central1/operations/operation-1738300736719-62cf9adecc8e4-4e945de2-adc7d806 200
[debug] [2025-01-31T05:18:57.557Z] <<< [apiv2][body] GET https://cloudfunctions.googleapis.com/v2/projects/big-red-refills/locations/us-central1/operations/operation-1738300736719-62cf9adecc8e4-4e945de2-adc7d806 {"name":"projects/big-red-refills/locations/us-central1/operations/operation-1738300736719-62cf9adecc8e4-4e945de2-adc7d806","metadata":{"@type":"type.googleapis.com/google.cloud.functions.v2.OperationMetadata","createTime":"2025-01-31T05:18:57.307521839Z","target":"projects/big-red-refills/locations/us-central1/functions/sendNotification","verb":"create","cancelRequested":false,"apiVersion":"v2","requestResource":{"@type":"type.googleapis.com/google.cloud.functions.v2.Function","name":"projects/big-red-refills/locations/us-central1/functions/sendNotification","buildConfig":{"runtime":"nodejs22","entryPoint":"sendNotification","source":{"storageSource":{"bucket":"gcf-v2-sources-343472501818-us-central1","object":"sendNotification/function-source.zip","generation":"1738300737056075"}},"environmentVariables":{"GOOGLE_NODE_RUN_SCRIPTS":""},"serviceAccount":"projects/big-red-refills/serviceAccounts/343472501818-compute@developer.gserviceaccount.com","automaticUpdatePolicy":{}},"serviceConfig":{"service":"projects/big-red-refills/locations/us-central1/services/sendnotification","timeoutSeconds":60,"environmentVariables":{"FIREBASE_CONFIG":"{\"projectId\":\"big-red-refills\",\"databaseURL\":\"https://big-red-refills-default-rtdb.firebaseio.com\",\"storageBucket\":\"big-red-refills.firebasestorage.app\"}","GCLOUD_PROJECT":"big-red-refills","EVENTARC_CLOUD_EVENT_SOURCE":"projects/big-red-refills/locations/us-central1/services/sendNotification","FUNCTION_TARGET":"sendNotification","LOG_EXECUTION_ID":"true"},"ingressSettings":"ALLOW_ALL","serviceAccountEmail":"343472501818-compute@developer.gserviceaccount.com","availableMemory":"256Mi","maxInstanceRequestConcurrency":80,"availableCpu":"1"},"labels":{"deployment-tool":"cli-firebase","deployment-callable":"true","firebase-functions-hash":"c1e4cef60850846ba751e51d28d08d35eba5ece0"},"environment":"GEN_2"},"stages":[{"name":"BUILD","state":"NOT_STARTED"},{"name":"SERVICE","state":"NOT_STARTED"}],"operationType":"CREATE_FUNCTION"},"done":false}
[debug] [2025-01-31T05:18:57.706Z] <<< [apiv2][status] GET https://cloudfunctions.googleapis.com/v2/projects/big-red-refills/locations/us-central1/operations/operation-1738300736704-62cf9adec8ece-5574e64a-5df40cfb 200
[debug] [2025-01-31T05:18:57.707Z] <<< [apiv2][body] GET https://cloudfunctions.googleapis.com/v2/projects/big-red-refills/locations/us-central1/operations/operation-1738300736704-62cf9adec8ece-5574e64a-5df40cfb {"name":"projects/big-red-refills/locations/us-central1/operations/operation-1738300736704-62cf9adec8ece-5574e64a-5df40cfb","metadata":{"@type":"type.googleapis.com/google.cloud.functions.v2.OperationMetadata","createTime":"2025-01-31T05:18:56.728468666Z","target":"projects/big-red-refills/locations/us-central1/functions/api","verb":"delete","cancelRequested":false,"apiVersion":"v2","requestResource":{"@type":"type.googleapis.com/google.cloud.functions.v2.Function","name":"projects/big-red-refills/locations/us-central1/functions/api","environment":"GEN_2"},"stages":[{"name":"ARTIFACT_REGISTRY","state":"NOT_STARTED"},{"name":"SERVICE","message":"Deleting Cloud Run service","state":"IN_PROGRESS","resource":"projects/big-red-refills/locations/us-central1/services/api"}],"operationType":"DELETE_FUNCTION"},"done":false}
[debug] [2025-01-31T05:18:58.057Z] [create-default-us-central1-sendNotification] Retrying task index 0
[debug] [2025-01-31T05:18:58.057Z] Checked if tokens are valid: true, expires at: 1738304312324
[debug] [2025-01-31T05:18:58.057Z] Checked if tokens are valid: true, expires at: 1738304312324
[debug] [2025-01-31T05:18:58.058Z] >>> [apiv2][query] GET https://cloudfunctions.googleapis.com/v2/projects/big-red-refills/locations/us-central1/operations/operation-1738300736719-62cf9adecc8e4-4e945de2-adc7d806 [none]
[debug] [2025-01-31T05:18:58.264Z] <<< [apiv2][status] GET https://cloudfunctions.googleapis.com/v2/projects/big-red-refills/locations/us-central1/operations/operation-1738300736719-62cf9adecc8e4-4e945de2-adc7d806 200
[debug] [2025-01-31T05:18:58.265Z] <<< [apiv2][body] GET https://cloudfunctions.googleapis.com/v2/projects/big-red-refills/locations/us-central1/operations/operation-1738300736719-62cf9adecc8e4-4e945de2-adc7d806 {"name":"projects/big-red-refills/locations/us-central1/operations/operation-1738300736719-62cf9adecc8e4-4e945de2-adc7d806","metadata":{"@type":"type.googleapis.com/google.cloud.functions.v2.OperationMetadata","createTime":"2025-01-31T05:18:57.307521839Z","target":"projects/big-red-refills/locations/us-central1/functions/sendNotification","verb":"create","cancelRequested":false,"apiVersion":"v2","requestResource":{"@type":"type.googleapis.com/google.cloud.functions.v2.Function","name":"projects/big-red-refills/locations/us-central1/functions/sendNotification","buildConfig":{"runtime":"nodejs22","entryPoint":"sendNotification","source":{"storageSource":{"bucket":"gcf-v2-sources-343472501818-us-central1","object":"sendNotification/function-source.zip","generation":"1738300737056075"}},"environmentVariables":{"GOOGLE_NODE_RUN_SCRIPTS":""},"serviceAccount":"projects/big-red-refills/serviceAccounts/343472501818-compute@developer.gserviceaccount.com","automaticUpdatePolicy":{}},"serviceConfig":{"service":"projects/big-red-refills/locations/us-central1/services/sendnotification","timeoutSeconds":60,"environmentVariables":{"FIREBASE_CONFIG":"{\"projectId\":\"big-red-refills\",\"databaseURL\":\"https://big-red-refills-default-rtdb.firebaseio.com\",\"storageBucket\":\"big-red-refills.firebasestorage.app\"}","GCLOUD_PROJECT":"big-red-refills","EVENTARC_CLOUD_EVENT_SOURCE":"projects/big-red-refills/locations/us-central1/services/sendNotification","FUNCTION_TARGET":"sendNotification","LOG_EXECUTION_ID":"true"},"ingressSettings":"ALLOW_ALL","serviceAccountEmail":"343472501818-compute@developer.gserviceaccount.com","availableMemory":"256Mi","maxInstanceRequestConcurrency":80,"availableCpu":"1"},"labels":{"deployment-tool":"cli-firebase","deployment-callable":"true","firebase-functions-hash":"c1e4cef60850846ba751e51d28d08d35eba5ece0"},"environment":"GEN_2"},"stages":[{"name":"BUILD","message":"Build in progress","state":"IN_PROGRESS","resource":"projects/343472501818/locations/us-central1/builds/e4a3626b-ff84-4de7-b2f6-0d9a8168f8f4","resourceUri":"https://console.cloud.google.com/cloud-build/builds;region=us-central1/e4a3626b-ff84-4de7-b2f6-0d9a8168f8f4?project=343472501818"},{"name":"SERVICE","state":"NOT_STARTED"}],"operationType":"CREATE_FUNCTION","buildName":"projects/343472501818/locations/us-central1/builds/e4a3626b-ff84-4de7-b2f6-0d9a8168f8f4"},"done":false}
[debug] [2025-01-31T05:18:58.708Z] [delete-default-us-central1-api] Retrying task index 0
[debug] [2025-01-31T05:18:58.708Z] Checked if tokens are valid: true, expires at: 1738304312324
[debug] [2025-01-31T05:18:58.708Z] Checked if tokens are valid: true, expires at: 1738304312324
[debug] [2025-01-31T05:18:58.708Z] >>> [apiv2][query] GET https://cloudfunctions.googleapis.com/v2/projects/big-red-refills/locations/us-central1/operations/operation-1738300736704-62cf9adec8ece-5574e64a-5df40cfb [none]
[debug] [2025-01-31T05:18:58.912Z] <<< [apiv2][status] GET https://cloudfunctions.googleapis.com/v2/projects/big-red-refills/locations/us-central1/operations/operation-1738300736704-62cf9adec8ece-5574e64a-5df40cfb 200
[debug] [2025-01-31T05:18:58.913Z] <<< [apiv2][body] GET https://cloudfunctions.googleapis.com/v2/projects/big-red-refills/locations/us-central1/operations/operation-1738300736704-62cf9adec8ece-5574e64a-5df40cfb {"name":"projects/big-red-refills/locations/us-central1/operations/operation-1738300736704-62cf9adec8ece-5574e64a-5df40cfb","metadata":{"@type":"type.googleapis.com/google.cloud.functions.v2.OperationMetadata","createTime":"2025-01-31T05:18:56.728468666Z","target":"projects/big-red-refills/locations/us-central1/functions/api","verb":"delete","cancelRequested":false,"apiVersion":"v2","requestResource":{"@type":"type.googleapis.com/google.cloud.functions.v2.Function","name":"projects/big-red-refills/locations/us-central1/functions/api","environment":"GEN_2"},"stages":[{"name":"ARTIFACT_REGISTRY","message":"Deleting function artifacts in Artifact Registry","state":"IN_PROGRESS"},{"name":"SERVICE","message":"Deleting Cloud Run service","state":"COMPLETE","resource":"projects/big-red-refills/locations/us-central1/services/api"}],"operationType":"DELETE_FUNCTION"},"done":false}
[debug] [2025-01-31T05:18:59.266Z] [create-default-us-central1-sendNotification] Retrying task index 0
[debug] [2025-01-31T05:18:59.266Z] Checked if tokens are valid: true, expires at: 1738304312324
[debug] [2025-01-31T05:18:59.266Z] Checked if tokens are valid: true, expires at: 1738304312324
[debug] [2025-01-31T05:18:59.267Z] >>> [apiv2][query] GET https://cloudfunctions.googleapis.com/v2/projects/big-red-refills/locations/us-central1/operations/operation-1738300736719-62cf9adecc8e4-4e945de2-adc7d806 [none]
[debug] [2025-01-31T05:18:59.472Z] <<< [apiv2][status] GET https://cloudfunctions.googleapis.com/v2/projects/big-red-refills/locations/us-central1/operations/operation-1738300736719-62cf9adecc8e4-4e945de2-adc7d806 200
[debug] [2025-01-31T05:18:59.472Z] <<< [apiv2][body] GET https://cloudfunctions.googleapis.com/v2/projects/big-red-refills/locations/us-central1/operations/operation-1738300736719-62cf9adecc8e4-4e945de2-adc7d806 {"name":"projects/big-red-refills/locations/us-central1/operations/operation-1738300736719-62cf9adecc8e4-4e945de2-adc7d806","metadata":{"@type":"type.googleapis.com/google.cloud.functions.v2.OperationMetadata","createTime":"2025-01-31T05:18:57.307521839Z","target":"projects/big-red-refills/locations/us-central1/functions/sendNotification","verb":"create","cancelRequested":false,"apiVersion":"v2","requestResource":{"@type":"type.googleapis.com/google.cloud.functions.v2.Function","name":"projects/big-red-refills/locations/us-central1/functions/sendNotification","buildConfig":{"runtime":"nodejs22","entryPoint":"sendNotification","source":{"storageSource":{"bucket":"gcf-v2-sources-343472501818-us-central1","object":"sendNotification/function-source.zip","generation":"1738300737056075"}},"environmentVariables":{"GOOGLE_NODE_RUN_SCRIPTS":""},"serviceAccount":"projects/big-red-refills/serviceAccounts/343472501818-compute@developer.gserviceaccount.com","automaticUpdatePolicy":{}},"serviceConfig":{"service":"projects/big-red-refills/locations/us-central1/services/sendnotification","timeoutSeconds":60,"environmentVariables":{"FIREBASE_CONFIG":"{\"projectId\":\"big-red-refills\",\"databaseURL\":\"https://big-red-refills-default-rtdb.firebaseio.com\",\"storageBucket\":\"big-red-refills.firebasestorage.app\"}","GCLOUD_PROJECT":"big-red-refills","EVENTARC_CLOUD_EVENT_SOURCE":"projects/big-red-refills/locations/us-central1/services/sendNotification","FUNCTION_TARGET":"sendNotification","LOG_EXECUTION_ID":"true"},"ingressSettings":"ALLOW_ALL","serviceAccountEmail":"343472501818-compute@developer.gserviceaccount.com","availableMemory":"256Mi","maxInstanceRequestConcurrency":80,"availableCpu":"1"},"labels":{"deployment-tool":"cli-firebase","deployment-callable":"true","firebase-functions-hash":"c1e4cef60850846ba751e51d28d08d35eba5ece0"},"environment":"GEN_2"},"stages":[{"name":"BUILD","message":"Build in progress","state":"IN_PROGRESS","resource":"projects/343472501818/locations/us-central1/builds/e4a3626b-ff84-4de7-b2f6-0d9a8168f8f4","resourceUri":"https://console.cloud.google.com/cloud-build/builds;region=us-central1/e4a3626b-ff84-4de7-b2f6-0d9a8168f8f4?project=343472501818"},{"name":"SERVICE","state":"NOT_STARTED"}],"operationType":"CREATE_FUNCTION","buildName":"projects/343472501818/locations/us-central1/builds/e4a3626b-ff84-4de7-b2f6-0d9a8168f8f4"},"done":false}
[debug] [2025-01-31T05:19:00.914Z] [delete-default-us-central1-api] Retrying task index 0
[debug] [2025-01-31T05:19:00.914Z] Checked if tokens are valid: true, expires at: 1738304312324
[debug] [2025-01-31T05:19:00.914Z] Checked if tokens are valid: true, expires at: 1738304312324
[debug] [2025-01-31T05:19:00.914Z] >>> [apiv2][query] GET https://cloudfunctions.googleapis.com/v2/projects/big-red-refills/locations/us-central1/operations/operation-1738300736704-62cf9adec8ece-5574e64a-5df40cfb [none]
[debug] [2025-01-31T05:19:01.127Z] <<< [apiv2][status] GET https://cloudfunctions.googleapis.com/v2/projects/big-red-refills/locations/us-central1/operations/operation-1738300736704-62cf9adec8ece-5574e64a-5df40cfb 200
[debug] [2025-01-31T05:19:01.127Z] <<< [apiv2][body] GET https://cloudfunctions.googleapis.com/v2/projects/big-red-refills/locations/us-central1/operations/operation-1738300736704-62cf9adec8ece-5574e64a-5df40cfb {"name":"projects/big-red-refills/locations/us-central1/operations/operation-1738300736704-62cf9adec8ece-5574e64a-5df40cfb","metadata":{"@type":"type.googleapis.com/google.cloud.functions.v2.OperationMetadata","createTime":"2025-01-31T05:18:56.728468666Z","endTime":"2025-01-31T05:18:59.004618425Z","target":"projects/big-red-refills/locations/us-central1/functions/api","verb":"delete","cancelRequested":false,"apiVersion":"v2","requestResource":{"@type":"type.googleapis.com/google.cloud.functions.v2.Function","name":"projects/big-red-refills/locations/us-central1/functions/api","environment":"GEN_2"},"stages":[{"name":"ARTIFACT_REGISTRY","message":"Deleting function artifacts in Artifact Registry","state":"COMPLETE"},{"name":"SERVICE","message":"Deleting Cloud Run service","state":"COMPLETE","resource":"projects/big-red-refills/locations/us-central1/services/api"}],"operationType":"DELETE_FUNCTION"},"done":true,"response":{"@type":"type.googleapis.com/google.protobuf.Empty"}}
[info] ✔  functions[api(us-central1)] Successful delete operation. 
[debug] [2025-01-31T05:19:01.473Z] [create-default-us-central1-sendNotification] Retrying task index 0
[debug] [2025-01-31T05:19:01.474Z] Checked if tokens are valid: true, expires at: 1738304312324
[debug] [2025-01-31T05:19:01.474Z] Checked if tokens are valid: true, expires at: 1738304312324
[debug] [2025-01-31T05:19:01.474Z] >>> [apiv2][query] GET https://cloudfunctions.googleapis.com/v2/projects/big-red-refills/locations/us-central1/operations/operation-1738300736719-62cf9adecc8e4-4e945de2-adc7d806 [none]
[debug] [2025-01-31T05:19:01.664Z] <<< [apiv2][status] GET https://cloudfunctions.googleapis.com/v2/projects/big-red-refills/locations/us-central1/operations/operation-1738300736719-62cf9adecc8e4-4e945de2-adc7d806 200
[debug] [2025-01-31T05:19:01.664Z] <<< [apiv2][body] GET https://cloudfunctions.googleapis.com/v2/projects/big-red-refills/locations/us-central1/operations/operation-1738300736719-62cf9adecc8e4-4e945de2-adc7d806 {"name":"projects/big-red-refills/locations/us-central1/operations/operation-1738300736719-62cf9adecc8e4-4e945de2-adc7d806","metadata":{"@type":"type.googleapis.com/google.cloud.functions.v2.OperationMetadata","createTime":"2025-01-31T05:18:57.307521839Z","target":"projects/big-red-refills/locations/us-central1/functions/sendNotification","verb":"create","cancelRequested":false,"apiVersion":"v2","requestResource":{"@type":"type.googleapis.com/google.cloud.functions.v2.Function","name":"projects/big-red-refills/locations/us-central1/functions/sendNotification","buildConfig":{"runtime":"nodejs22","entryPoint":"sendNotification","source":{"storageSource":{"bucket":"gcf-v2-sources-343472501818-us-central1","object":"sendNotification/function-source.zip","generation":"1738300737056075"}},"environmentVariables":{"GOOGLE_NODE_RUN_SCRIPTS":""},"serviceAccount":"projects/big-red-refills/serviceAccounts/343472501818-compute@developer.gserviceaccount.com","automaticUpdatePolicy":{}},"serviceConfig":{"service":"projects/big-red-refills/locations/us-central1/services/sendnotification","timeoutSeconds":60,"environmentVariables":{"FIREBASE_CONFIG":"{\"projectId\":\"big-red-refills\",\"databaseURL\":\"https://big-red-refills-default-rtdb.firebaseio.com\",\"storageBucket\":\"big-red-refills.firebasestorage.app\"}","GCLOUD_PROJECT":"big-red-refills","EVENTARC_CLOUD_EVENT_SOURCE":"projects/big-red-refills/locations/us-central1/services/sendNotification","FUNCTION_TARGET":"sendNotification","LOG_EXECUTION_ID":"true"},"ingressSettings":"ALLOW_ALL","serviceAccountEmail":"343472501818-compute@developer.gserviceaccount.com","availableMemory":"256Mi","maxInstanceRequestConcurrency":80,"availableCpu":"1"},"labels":{"deployment-tool":"cli-firebase","deployment-callable":"true","firebase-functions-hash":"c1e4cef60850846ba751e51d28d08d35eba5ece0"},"environment":"GEN_2"},"stages":[{"name":"BUILD","message":"Build in progress","state":"IN_PROGRESS","resource":"projects/343472501818/locations/us-central1/builds/e4a3626b-ff84-4de7-b2f6-0d9a8168f8f4","resourceUri":"https://console.cloud.google.com/cloud-build/builds;region=us-central1/e4a3626b-ff84-4de7-b2f6-0d9a8168f8f4?project=343472501818"},{"name":"SERVICE","state":"NOT_STARTED"}],"operationType":"CREATE_FUNCTION","buildName":"projects/343472501818/locations/us-central1/builds/e4a3626b-ff84-4de7-b2f6-0d9a8168f8f4"},"done":false}
[debug] [2025-01-31T05:19:05.666Z] [create-default-us-central1-sendNotification] Retrying task index 0
[debug] [2025-01-31T05:19:05.666Z] Checked if tokens are valid: true, expires at: 1738304312324
[debug] [2025-01-31T05:19:05.666Z] Checked if tokens are valid: true, expires at: 1738304312324
[debug] [2025-01-31T05:19:05.667Z] >>> [apiv2][query] GET https://cloudfunctions.googleapis.com/v2/projects/big-red-refills/locations/us-central1/operations/operation-1738300736719-62cf9adecc8e4-4e945de2-adc7d806 [none]
[debug] [2025-01-31T05:19:05.865Z] <<< [apiv2][status] GET https://cloudfunctions.googleapis.com/v2/projects/big-red-refills/locations/us-central1/operations/operation-1738300736719-62cf9adecc8e4-4e945de2-adc7d806 200
[debug] [2025-01-31T05:19:05.865Z] <<< [apiv2][body] GET https://cloudfunctions.googleapis.com/v2/projects/big-red-refills/locations/us-central1/operations/operation-1738300736719-62cf9adecc8e4-4e945de2-adc7d806 {"name":"projects/big-red-refills/locations/us-central1/operations/operation-1738300736719-62cf9adecc8e4-4e945de2-adc7d806","metadata":{"@type":"type.googleapis.com/google.cloud.functions.v2.OperationMetadata","createTime":"2025-01-31T05:18:57.307521839Z","target":"projects/big-red-refills/locations/us-central1/functions/sendNotification","verb":"create","cancelRequested":false,"apiVersion":"v2","requestResource":{"@type":"type.googleapis.com/google.cloud.functions.v2.Function","name":"projects/big-red-refills/locations/us-central1/functions/sendNotification","buildConfig":{"runtime":"nodejs22","entryPoint":"sendNotification","source":{"storageSource":{"bucket":"gcf-v2-sources-343472501818-us-central1","object":"sendNotification/function-source.zip","generation":"1738300737056075"}},"environmentVariables":{"GOOGLE_NODE_RUN_SCRIPTS":""},"serviceAccount":"projects/big-red-refills/serviceAccounts/343472501818-compute@developer.gserviceaccount.com","automaticUpdatePolicy":{}},"serviceConfig":{"service":"projects/big-red-refills/locations/us-central1/services/sendnotification","timeoutSeconds":60,"environmentVariables":{"FIREBASE_CONFIG":"{\"projectId\":\"big-red-refills\",\"databaseURL\":\"https://big-red-refills-default-rtdb.firebaseio.com\",\"storageBucket\":\"big-red-refills.firebasestorage.app\"}","GCLOUD_PROJECT":"big-red-refills","EVENTARC_CLOUD_EVENT_SOURCE":"projects/big-red-refills/locations/us-central1/services/sendNotification","FUNCTION_TARGET":"sendNotification","LOG_EXECUTION_ID":"true"},"ingressSettings":"ALLOW_ALL","serviceAccountEmail":"343472501818-compute@developer.gserviceaccount.com","availableMemory":"256Mi","maxInstanceRequestConcurrency":80,"availableCpu":"1"},"labels":{"deployment-tool":"cli-firebase","deployment-callable":"true","firebase-functions-hash":"c1e4cef60850846ba751e51d28d08d35eba5ece0"},"environment":"GEN_2"},"stages":[{"name":"BUILD","message":"Build in progress","state":"IN_PROGRESS","resource":"projects/343472501818/locations/us-central1/builds/e4a3626b-ff84-4de7-b2f6-0d9a8168f8f4","resourceUri":"https://console.cloud.google.com/cloud-build/builds;region=us-central1/e4a3626b-ff84-4de7-b2f6-0d9a8168f8f4?project=343472501818"},{"name":"SERVICE","state":"NOT_STARTED"}],"operationType":"CREATE_FUNCTION","buildName":"projects/343472501818/locations/us-central1/builds/e4a3626b-ff84-4de7-b2f6-0d9a8168f8f4"},"done":false}
[debug] [2025-01-31T05:19:13.866Z] [create-default-us-central1-sendNotification] Retrying task index 0
[debug] [2025-01-31T05:19:13.866Z] Checked if tokens are valid: true, expires at: 1738304312324
[debug] [2025-01-31T05:19:13.867Z] Checked if tokens are valid: true, expires at: 1738304312324
[debug] [2025-01-31T05:19:13.867Z] >>> [apiv2][query] GET https://cloudfunctions.googleapis.com/v2/projects/big-red-refills/locations/us-central1/operations/operation-1738300736719-62cf9adecc8e4-4e945de2-adc7d806 [none]
[debug] [2025-01-31T05:19:14.097Z] <<< [apiv2][status] GET https://cloudfunctions.googleapis.com/v2/projects/big-red-refills/locations/us-central1/operations/operation-1738300736719-62cf9adecc8e4-4e945de2-adc7d806 200
[debug] [2025-01-31T05:19:14.097Z] <<< [apiv2][body] GET https://cloudfunctions.googleapis.com/v2/projects/big-red-refills/locations/us-central1/operations/operation-1738300736719-62cf9adecc8e4-4e945de2-adc7d806 {"name":"projects/big-red-refills/locations/us-central1/operations/operation-1738300736719-62cf9adecc8e4-4e945de2-adc7d806","metadata":{"@type":"type.googleapis.com/google.cloud.functions.v2.OperationMetadata","createTime":"2025-01-31T05:18:57.307521839Z","target":"projects/big-red-refills/locations/us-central1/functions/sendNotification","verb":"create","cancelRequested":false,"apiVersion":"v2","requestResource":{"@type":"type.googleapis.com/google.cloud.functions.v2.Function","name":"projects/big-red-refills/locations/us-central1/functions/sendNotification","buildConfig":{"runtime":"nodejs22","entryPoint":"sendNotification","source":{"storageSource":{"bucket":"gcf-v2-sources-343472501818-us-central1","object":"sendNotification/function-source.zip","generation":"1738300737056075"}},"environmentVariables":{"GOOGLE_NODE_RUN_SCRIPTS":""},"serviceAccount":"projects/big-red-refills/serviceAccounts/343472501818-compute@developer.gserviceaccount.com","automaticUpdatePolicy":{}},"serviceConfig":{"service":"projects/big-red-refills/locations/us-central1/services/sendnotification","timeoutSeconds":60,"environmentVariables":{"FIREBASE_CONFIG":"{\"projectId\":\"big-red-refills\",\"databaseURL\":\"https://big-red-refills-default-rtdb.firebaseio.com\",\"storageBucket\":\"big-red-refills.firebasestorage.app\"}","GCLOUD_PROJECT":"big-red-refills","EVENTARC_CLOUD_EVENT_SOURCE":"projects/big-red-refills/locations/us-central1/services/sendNotification","FUNCTION_TARGET":"sendNotification","LOG_EXECUTION_ID":"true"},"ingressSettings":"ALLOW_ALL","serviceAccountEmail":"343472501818-compute@developer.gserviceaccount.com","availableMemory":"256Mi","maxInstanceRequestConcurrency":80,"availableCpu":"1"},"labels":{"deployment-tool":"cli-firebase","deployment-callable":"true","firebase-functions-hash":"c1e4cef60850846ba751e51d28d08d35eba5ece0"},"environment":"GEN_2"},"stages":[{"name":"BUILD","message":"Build in progress","state":"IN_PROGRESS","resource":"projects/343472501818/locations/us-central1/builds/e4a3626b-ff84-4de7-b2f6-0d9a8168f8f4","resourceUri":"https://console.cloud.google.com/cloud-build/builds;region=us-central1/e4a3626b-ff84-4de7-b2f6-0d9a8168f8f4?project=343472501818"},{"name":"SERVICE","state":"NOT_STARTED"}],"operationType":"CREATE_FUNCTION","buildName":"projects/343472501818/locations/us-central1/builds/e4a3626b-ff84-4de7-b2f6-0d9a8168f8f4"},"done":false}
[debug] [2025-01-31T05:19:24.098Z] [create-default-us-central1-sendNotification] Retrying task index 0
[debug] [2025-01-31T05:19:24.100Z] Checked if tokens are valid: true, expires at: 1738304312324
[debug] [2025-01-31T05:19:24.100Z] Checked if tokens are valid: true, expires at: 1738304312324
[debug] [2025-01-31T05:19:24.102Z] >>> [apiv2][query] GET https://cloudfunctions.googleapis.com/v2/projects/big-red-refills/locations/us-central1/operations/operation-1738300736719-62cf9adecc8e4-4e945de2-adc7d806 [none]
[debug] [2025-01-31T05:19:24.334Z] <<< [apiv2][status] GET https://cloudfunctions.googleapis.com/v2/projects/big-red-refills/locations/us-central1/operations/operation-1738300736719-62cf9adecc8e4-4e945de2-adc7d806 200
[debug] [2025-01-31T05:19:24.334Z] <<< [apiv2][body] GET https://cloudfunctions.googleapis.com/v2/projects/big-red-refills/locations/us-central1/operations/operation-1738300736719-62cf9adecc8e4-4e945de2-adc7d806 {"name":"projects/big-red-refills/locations/us-central1/operations/operation-1738300736719-62cf9adecc8e4-4e945de2-adc7d806","metadata":{"@type":"type.googleapis.com/google.cloud.functions.v2.OperationMetadata","createTime":"2025-01-31T05:18:57.307521839Z","target":"projects/big-red-refills/locations/us-central1/functions/sendNotification","verb":"create","cancelRequested":false,"apiVersion":"v2","requestResource":{"@type":"type.googleapis.com/google.cloud.functions.v2.Function","name":"projects/big-red-refills/locations/us-central1/functions/sendNotification","buildConfig":{"runtime":"nodejs22","entryPoint":"sendNotification","source":{"storageSource":{"bucket":"gcf-v2-sources-343472501818-us-central1","object":"sendNotification/function-source.zip","generation":"1738300737056075"}},"environmentVariables":{"GOOGLE_NODE_RUN_SCRIPTS":""},"serviceAccount":"projects/big-red-refills/serviceAccounts/343472501818-compute@developer.gserviceaccount.com","automaticUpdatePolicy":{}},"serviceConfig":{"service":"projects/big-red-refills/locations/us-central1/services/sendnotification","timeoutSeconds":60,"environmentVariables":{"FIREBASE_CONFIG":"{\"projectId\":\"big-red-refills\",\"databaseURL\":\"https://big-red-refills-default-rtdb.firebaseio.com\",\"storageBucket\":\"big-red-refills.firebasestorage.app\"}","GCLOUD_PROJECT":"big-red-refills","EVENTARC_CLOUD_EVENT_SOURCE":"projects/big-red-refills/locations/us-central1/services/sendNotification","FUNCTION_TARGET":"sendNotification","LOG_EXECUTION_ID":"true"},"ingressSettings":"ALLOW_ALL","serviceAccountEmail":"343472501818-compute@developer.gserviceaccount.com","availableMemory":"256Mi","maxInstanceRequestConcurrency":80,"availableCpu":"1"},"labels":{"deployment-tool":"cli-firebase","deployment-callable":"true","firebase-functions-hash":"c1e4cef60850846ba751e51d28d08d35eba5ece0"},"environment":"GEN_2"},"stages":[{"name":"BUILD","message":"Build in progress","state":"IN_PROGRESS","resource":"projects/343472501818/locations/us-central1/builds/e4a3626b-ff84-4de7-b2f6-0d9a8168f8f4","resourceUri":"https://console.cloud.google.com/cloud-build/builds;region=us-central1/e4a3626b-ff84-4de7-b2f6-0d9a8168f8f4?project=343472501818"},{"name":"SERVICE","state":"NOT_STARTED"}],"operationType":"CREATE_FUNCTION","buildName":"projects/343472501818/locations/us-central1/builds/e4a3626b-ff84-4de7-b2f6-0d9a8168f8f4"},"done":false}
[debug] [2025-01-31T05:19:34.336Z] [create-default-us-central1-sendNotification] Retrying task index 0
[debug] [2025-01-31T05:19:34.339Z] Checked if tokens are valid: true, expires at: 1738304312324
[debug] [2025-01-31T05:19:34.340Z] Checked if tokens are valid: true, expires at: 1738304312324
[debug] [2025-01-31T05:19:34.340Z] >>> [apiv2][query] GET https://cloudfunctions.googleapis.com/v2/projects/big-red-refills/locations/us-central1/operations/operation-1738300736719-62cf9adecc8e4-4e945de2-adc7d806 [none]
[debug] [2025-01-31T05:19:34.578Z] <<< [apiv2][status] GET https://cloudfunctions.googleapis.com/v2/projects/big-red-refills/locations/us-central1/operations/operation-1738300736719-62cf9adecc8e4-4e945de2-adc7d806 200
[debug] [2025-01-31T05:19:34.578Z] <<< [apiv2][body] GET https://cloudfunctions.googleapis.com/v2/projects/big-red-refills/locations/us-central1/operations/operation-1738300736719-62cf9adecc8e4-4e945de2-adc7d806 {"name":"projects/big-red-refills/locations/us-central1/operations/operation-1738300736719-62cf9adecc8e4-4e945de2-adc7d806","metadata":{"@type":"type.googleapis.com/google.cloud.functions.v2.OperationMetadata","createTime":"2025-01-31T05:18:57.307521839Z","target":"projects/big-red-refills/locations/us-central1/functions/sendNotification","verb":"create","cancelRequested":false,"apiVersion":"v2","requestResource":{"@type":"type.googleapis.com/google.cloud.functions.v2.Function","name":"projects/big-red-refills/locations/us-central1/functions/sendNotification","buildConfig":{"runtime":"nodejs22","entryPoint":"sendNotification","source":{"storageSource":{"bucket":"gcf-v2-sources-343472501818-us-central1","object":"sendNotification/function-source.zip","generation":"1738300737056075"}},"environmentVariables":{"GOOGLE_NODE_RUN_SCRIPTS":""},"serviceAccount":"projects/big-red-refills/serviceAccounts/343472501818-compute@developer.gserviceaccount.com","automaticUpdatePolicy":{}},"serviceConfig":{"service":"projects/big-red-refills/locations/us-central1/services/sendnotification","timeoutSeconds":60,"environmentVariables":{"FIREBASE_CONFIG":"{\"projectId\":\"big-red-refills\",\"databaseURL\":\"https://big-red-refills-default-rtdb.firebaseio.com\",\"storageBucket\":\"big-red-refills.firebasestorage.app\"}","GCLOUD_PROJECT":"big-red-refills","EVENTARC_CLOUD_EVENT_SOURCE":"projects/big-red-refills/locations/us-central1/services/sendNotification","FUNCTION_TARGET":"sendNotification","LOG_EXECUTION_ID":"true"},"ingressSettings":"ALLOW_ALL","serviceAccountEmail":"343472501818-compute@developer.gserviceaccount.com","availableMemory":"256Mi","maxInstanceRequestConcurrency":80,"availableCpu":"1"},"labels":{"deployment-tool":"cli-firebase","deployment-callable":"true","firebase-functions-hash":"c1e4cef60850846ba751e51d28d08d35eba5ece0"},"environment":"GEN_2"},"stages":[{"name":"BUILD","message":"Build in progress","state":"IN_PROGRESS","resource":"projects/343472501818/locations/us-central1/builds/e4a3626b-ff84-4de7-b2f6-0d9a8168f8f4","resourceUri":"https://console.cloud.google.com/cloud-build/builds;region=us-central1/e4a3626b-ff84-4de7-b2f6-0d9a8168f8f4?project=343472501818"},{"name":"SERVICE","state":"NOT_STARTED"}],"operationType":"CREATE_FUNCTION","buildName":"projects/343472501818/locations/us-central1/builds/e4a3626b-ff84-4de7-b2f6-0d9a8168f8f4"},"done":false}
